# JRE version: OpenJDK Runtime Environment (8.0_242-b01) (build 1.8.0_242-release-1644-b01)
# Java VM: OpenJDK 64-Bit Server VM (25.242-b01 mixed mode windows-amd64 compressed oops)
Heap:
 PSYoungGen      total 131584K, used 24865K [0x00000000d5580000, 0x00000000ded00000, 0x0000000100000000)
  eden space 119808K, 10% used [0x00000000d5580000,0x00000000d6250250,0x00000000dca80000)
  from space 11776K, 99% used [0x00000000dd600000,0x00000000de178568,0x00000000de180000)
  to   space 6144K, 0% used [0x00000000de700000,0x00000000de700000,0x00000000ded00000)
 ParOldGen       total 154112K, used 21800K [0x0000000080000000, 0x0000000089680000, 0x00000000d5580000)
  object space 154112K, 14% used [0x0000000080000000,0x000000008154a230,0x0000000089680000)
 Metaspace       used 48351K, capacity 50278K, committed 50472K, reserved 1093632K
  class space    used 6503K, capacity 6885K, committed 6952K, reserved 1048576K
GC Heap History (10 events):
Event: 9.360 GC heap before
{Heap before GC invocations=7 (full 1):
 PSYoungGen      total 67072K, used 65070K [0x00000000d5580000, 0x00000000dc180000, 0x0000000100000000)
  eden space 57856K, 100% used [0x00000000d5580000,0x00000000d8e00000,0x00000000d8e00000)
  from space 9216K, 78% used [0x00000000d8e00000,0x00000000d950b868,0x00000000d9700000)
  to   space 11264K, 0% used [0x00000000db680000,0x00000000db680000,0x00000000dc180000)
 ParOldGen       total 95232K, used 8656K [0x0000000080000000, 0x0000000085d00000, 0x00000000d5580000)
  object space 95232K, 9% used [0x0000000080000000,0x0000000080874058,0x0000000085d00000)
 Metaspace       used 32456K, capacity 33566K, committed 33712K, reserved 1079296K
  class space    used 4435K, capacity 4716K, committed 4784K, reserved 1048576K
Event: 9.377 GC heap after
Heap after GC invocations=7 (full 1):
 PSYoungGen      total 99328K, used 8922K [0x00000000d5580000, 0x00000000dc200000, 0x0000000100000000)
  eden space 88064K, 0% used [0x00000000d5580000,0x00000000d5580000,0x00000000dab80000)
  from space 11264K, 79% used [0x00000000db680000,0x00000000dbf368b0,0x00000000dc180000)
  to   space 11264K, 0% used [0x00000000dab80000,0x00000000dab80000,0x00000000db680000)
 ParOldGen       total 95232K, used 8664K [0x0000000080000000, 0x0000000085d00000, 0x00000000d5580000)
  object space 95232K, 9% used [0x0000000080000000,0x0000000080876058,0x0000000085d00000)
 Metaspace       used 32456K, capacity 33566K, committed 33712K, reserved 1079296K
  class space    used 4435K, capacity 4716K, committed 4784K, reserved 1048576K
}
Event: 10.546 GC heap before
{Heap before GC invocations=8 (full 1):
 PSYoungGen      total 99328K, used 55060K [0x00000000d5580000, 0x00000000dc200000, 0x0000000100000000)
  eden space 88064K, 52% used [0x00000000d5580000,0x00000000d828eb08,0x00000000dab80000)
  from space 11264K, 79% used [0x00000000db680000,0x00000000dbf368b0,0x00000000dc180000)
  to   space 11264K, 0% used [0x00000000dab80000,0x00000000dab80000,0x00000000db680000)
 ParOldGen       total 95232K, used 8664K [0x0000000080000000, 0x0000000085d00000, 0x00000000d5580000)
  object space 95232K, 9% used [0x0000000080000000,0x0000000080876058,0x0000000085d00000)
 Metaspace       used 34212K, capacity 35392K, committed 35496K, reserved 1079296K
  class space    used 4714K, capacity 4973K, committed 5032K, reserved 1048576K
Event: 10.568 GC heap after
Heap after GC invocations=8 (full 1):
 PSYoungGen      total 99328K, used 8901K [0x00000000d5580000, 0x00000000df200000, 0x0000000100000000)
  eden space 88064K, 0% used [0x00000000d5580000,0x00000000d5580000,0x00000000dab80000)
  from space 11264K, 79% used [0x00000000dab80000,0x00000000db4314a0,0x00000000db680000)
  to   space 11264K, 0% used [0x00000000de700000,0x00000000de700000,0x00000000df200000)
 ParOldGen       total 95232K, used 8672K [0x0000000080000000, 0x0000000085d00000, 0x00000000d5580000)
  object space 95232K, 9% used [0x0000000080000000,0x0000000080878058,0x0000000085d00000)
 Metaspace       used 34212K, capacity 35392K, committed 35496K, reserved 1079296K
  class space    used 4714K, capacity 4973K, committed 5032K, reserved 1048576K
}
Event: 10.568 GC heap before
{Heap before GC invocations=9 (full 2):
 PSYoungGen      total 99328K, used 8901K [0x00000000d5580000, 0x00000000df200000, 0x0000000100000000)
  eden space 88064K, 0% used [0x00000000d5580000,0x00000000d5580000,0x00000000dab80000)
  from space 11264K, 79% used [0x00000000dab80000,0x00000000db4314a0,0x00000000db680000)
  to   space 11264K, 0% used [0x00000000de700000,0x00000000de700000,0x00000000df200000)
 ParOldGen       total 95232K, used 8672K [0x0000000080000000, 0x0000000085d00000, 0x00000000d5580000)
  object space 95232K, 9% used [0x0000000080000000,0x0000000080878058,0x0000000085d00000)
 Metaspace       used 34212K, capacity 35392K, committed 35496K, reserved 1079296K
  class space    used 4714K, capacity 4973K, committed 5032K, reserved 1048576K
Event: 10.687 GC heap after
Heap after GC invocations=9 (full 2):
 PSYoungGen      total 99328K, used 0K [0x00000000d5580000, 0x00000000df200000, 0x0000000100000000)
  eden space 88064K, 0% used [0x00000000d5580000,0x00000000d5580000,0x00000000dab80000)
  from space 11264K, 0% used [0x00000000dab80000,0x00000000dab80000,0x00000000db680000)
  to   space 11264K, 0% used [0x00000000de700000,0x00000000de700000,0x00000000df200000)
 ParOldGen       total 154112K, used 15287K [0x0000000080000000, 0x0000000089680000, 0x00000000d5580000)
  object space 154112K, 9% used [0x0000000080000000,0x0000000080eedd18,0x0000000089680000)
 Metaspace       used 34212K, capacity 35392K, committed 35496K, reserved 1079296K
  class space    used 4714K, capacity 4973K, committed 5032K, reserved 1048576K
}
Event: 12.752 GC heap before
{Heap before GC invocations=10 (full 2):
 PSYoungGen      total 99328K, used 88064K [0x00000000d5580000, 0x00000000df200000, 0x0000000100000000)
  eden space 88064K, 100% used [0x00000000d5580000,0x00000000dab80000,0x00000000dab80000)
  from space 11264K, 0% used [0x00000000dab80000,0x00000000dab80000,0x00000000db680000)
  to   space 11264K, 0% used [0x00000000de700000,0x00000000de700000,0x00000000df200000)
 ParOldGen       total 154112K, used 15287K [0x0000000080000000, 0x0000000089680000, 0x00000000d5580000)
  object space 154112K, 9% used [0x0000000080000000,0x0000000080eedd18,0x0000000089680000)
 Metaspace       used 36531K, capacity 38030K, committed 38184K, reserved 1081344K
  class space    used 5007K, capacity 5324K, committed 5416K, reserved 1048576K
Event: 12.767 GC heap after
Heap after GC invocations=10 (full 2):
 PSYoungGen      total 125952K, used 5878K [0x00000000d5580000, 0x00000000ded00000, 0x0000000100000000)
  eden space 119808K, 0% used [0x00000000d5580000,0x00000000d5580000,0x00000000dca80000)
  from space 6144K, 95% used [0x00000000de700000,0x00000000decbd818,0x00000000ded00000)
  to   space 11776K, 0% used [0x00000000dd600000,0x00000000dd600000,0x00000000de180000)
 ParOldGen       total 154112K, used 15295K [0x0000000080000000, 0x0000000089680000, 0x00000000d5580000)
  object space 154112K, 9% used [0x0000000080000000,0x0000000080eefd18,0x0000000089680000)
 Metaspace       used 36531K, capacity 38030K, committed 38184K, reserved 1081344K
  class space    used 5007K, capacity 5324K, committed 5416K, reserved 1048576K
}
Event: 16.084 GC heap before
{Heap before GC invocations=11 (full 2):
 PSYoungGen      total 125952K, used 125686K [0x00000000d5580000, 0x00000000ded00000, 0x0000000100000000)
  eden space 119808K, 100% used [0x00000000d5580000,0x00000000dca80000,0x00000000dca80000)
  from space 6144K, 95% used [0x00000000de700000,0x00000000decbd818,0x00000000ded00000)
  to   space 11776K, 0% used [0x00000000dd600000,0x00000000dd600000,0x00000000de180000)
 ParOldGen       total 154112K, used 15295K [0x0000000080000000, 0x0000000089680000, 0x00000000d5580000)
  object space 154112K, 9% used [0x0000000080000000,0x0000000080eefd18,0x0000000089680000)
 Metaspace       used 47444K, capacity 49326K, committed 49576K, reserved 1091584K
  class space    used 6401K, capacity 6785K, committed 6824K, reserved 1048576K
Event: 16.113 GC heap after
Heap after GC invocations=11 (full 2):
 PSYoungGen      total 131584K, used 11745K [0x00000000d5580000, 0x00000000ded00000, 0x0000000100000000)
  eden space 119808K, 0% used [0x00000000d5580000,0x00000000d5580000,0x00000000dca80000)
  from space 11776K, 99% used [0x00000000dd600000,0x00000000de178568,0x00000000de180000)
  to   space 6144K, 0% used [0x00000000de700000,0x00000000de700000,0x00000000ded00000)
 ParOldGen       total 154112K, used 21800K [0x0000000080000000, 0x0000000089680000, 0x00000000d5580000)
  object space 154112K, 14% used [0x0000000080000000,0x000000008154a230,0x0000000089680000)
 Metaspace       used 47444K, capacity 49326K, committed 49576K, reserved 1091584K
  class space    used 6401K, capacity 6785K, committed 6824K, reserved 1048576K
}

